
 ⛅️ wrangler 4.79.0 (update available 4.80.0)
─────────────────────────────────────────────
Using redirected Wrangler configuration.
 - Configuration being used: "dist\_worker.js\wrangler.json"
 - Original user's configuration: "wrangler.jsonc"
 - Deploy configuration file: ".wrangler\deploy\config.json"
Your Worker has access to the following bindings:
Binding                                             Resource          Mode
env.SESSION (d666c7acd8bc4f4f97ebcb1b94c42b6a)      KV Namespace      local
env.DB (jaclyn-osborn-catalog)                      D1 Database       local
env.ASSETS                                          Assets            local

Attaching additional modules:
┌───────────────────────────────────────────────────────────┬──────┬────────────┐
│ Name                                                      │ Type │ Size       │
├───────────────────────────────────────────────────────────┼──────┼────────────┤
│ chunks/api_CDk2RntA.mjs                                   │ esm  │ 0.48 KiB   │
├───────────────────────────────────────────────────────────┼──────┼────────────┤
│ chunks/astro-component_4tDCjeu-.mjs                       │ esm  │ 1.19 KiB   │
├───────────────────────────────────────────────────────────┼──────┼────────────┤
│ chunks/BaseLayout_CgkmaXSf.mjs                            │ esm  │ 12.43 KiB  │
├───────────────────────────────────────────────────────────┼──────┼────────────┤
│ chunks/BookCard_DJs57ucC.mjs                              │ esm  │ 13.11 KiB  │
├───────────────────────────────────────────────────────────┼──────┼────────────┤
│ chunks/BookCover_BLmk9BjT.mjs                             │ esm  │ 3.24 KiB   │
├───────────────────────────────────────────────────────────┼──────┼────────────┤
│ chunks/books_d_ijjncc.mjs                                 │ esm  │ 6.59 KiB   │
├───────────────────────────────────────────────────────────┼──────┼────────────┤
│ chunks/books_wKejy12o.mjs                                 │ esm  │ 1.01 KiB   │
├───────────────────────────────────────────────────────────┼──────┼────────────┤
│ chunks/catalog_BC8N336k.mjs                               │ esm  │ 0.71 KiB   │
├───────────────────────────────────────────────────────────┼──────┼────────────┤
│ chunks/image-passthrough-endpoint_B5AzHDQF.mjs            │ esm  │ 43.17 KiB  │
├───────────────────────────────────────────────────────────┼──────┼────────────┤
│ chunks/index_BiP6BqPT.mjs                                 │ esm  │ 7.78 KiB   │
├───────────────────────────────────────────────────────────┼──────┼────────────┤
│ chunks/index_DW3HxSfR.mjs                                 │ esm  │ 96.60 KiB  │
├───────────────────────────────────────────────────────────┼──────┼────────────┤
│ chunks/noop-entrypoint_DsBX4kaI.mjs                       │ esm  │ 0.10 KiB   │
├───────────────────────────────────────────────────────────┼──────┼────────────┤
│ chunks/noop_B7edz5mQ.mjs                                  │ esm  │ 0.69 KiB   │
├───────────────────────────────────────────────────────────┼──────┼────────────┤
│ chunks/PageHero_DtL6zoGS.mjs                              │ esm  │ 2.59 KiB   │
├───────────────────────────────────────────────────────────┼──────┼────────────┤
│ chunks/reorder__IsyBgx0.mjs                               │ esm  │ 1.00 KiB   │
├───────────────────────────────────────────────────────────┼──────┼────────────┤
│ chunks/repository_BmrNG-bC.mjs                            │ esm  │ 18.89 KiB  │
├───────────────────────────────────────────────────────────┼──────┼────────────┤
│ chunks/series_Bj_3CFZG.mjs                                │ esm  │ 7.58 KiB   │
├───────────────────────────────────────────────────────────┼──────┼────────────┤
│ chunks/validation_CaXLu6rg.mjs                            │ esm  │ 2.68 KiB   │
├───────────────────────────────────────────────────────────┼──────┼────────────┤
│ chunks/worker-entry_42fWbuv5.mjs                          │ esm  │ 530.67 KiB │
├───────────────────────────────────────────────────────────┼──────┼────────────┤
│ chunks/_id__Cfoo2jir.mjs                                  │ esm  │ 1.65 KiB   │
├───────────────────────────────────────────────────────────┼──────┼────────────┤
│ chunks/_virtual_astro_server-island-manifest_CFl7y3Qj.mjs │ esm  │ 0.22 KiB   │
├───────────────────────────────────────────────────────────┼──────┼────────────┤
│ chunks/_virtual_astro_session-driver_Csu6PJY6.mjs         │ esm  │ 2.92 KiB   │
├───────────────────────────────────────────────────────────┼──────┼────────────┤
│ virtual_astro_middleware.mjs                              │ esm  │ 0.12 KiB   │
├───────────────────────────────────────────────────────────┼──────┼────────────┤
│ Total (23 modules)                                        │      │ 755.40 KiB │
└───────────────────────────────────────────────────────────┴──────┴────────────┘
⎔ Starting local server...
[wrangler:info] Ready on http://127.0.0.1:8791
[wrangler:info] GET /admin/ 200 OK (29ms)
[wrangler:info] GET /api/admin/catalog/ 200 OK (8ms)
⎔ Reloading local server...
⎔ Local server updated and ready
⎔ Reloading local server...
⎔ Local server updated and ready
⎔ Reloading local server...
⎔ Local server updated and ready
⎔ Reloading local server...
⎔ Local server updated and ready
⎔ Reloading local server...
⎔ Local server updated and ready
⎔ Reloading local server...
⎔ Local server updated and ready
⎔ Reloading local server...
⎔ Local server updated and ready
⎔ Reloading local server...
⎔ Local server updated and ready
⎔ Reloading local server...
⎔ Local server updated and ready
